<?xml version="1.0" encoding="UTF-8"?>
<!-- Generated by org.testng.reporters.JUnitXMLReporter -->
<testsuite ignored="4" hostname="LAPTOP-T6UPED1C" failures="0" tests="1" name="Test" time="0.023" errors="0" timestamp="22 Jan 2020 19:01:14 GMT">
  <testcase classname="com.Demo1.first" name="end" time="0.012"/>
  <testcase classname="com.Demo2.Day1" name="office" time="0.0">
    <ignored/>
  </testcase> <!-- office -->
  <testcase classname="com.Demo1.second" name="secondfirst" time="0.0">
    <ignored/>
  </testcase> <!-- secondfirst -->
  <testcase classname="com.Demo2.Day1" name="home" time="0.0">
    <ignored/>
  </testcase> <!-- home -->
  <testcase classname="com.Demo1.first" name="start" time="0.0">
    <ignored/>
  </testcase> <!-- start -->
</testsuite> <!-- Test -->
