<?xml version="1.0" encoding="UTF-8"?>
<testng-results ignored="0" total="1" passed="1" failed="0" skipped="0">
  <reporter-output>
  </reporter-output>
  <suite started-at="2020-01-25T05:10:04Z" name="myfirstSuite" finished-at="2020-01-25T05:10:10Z" duration-ms="6369">
    <groups>
    </groups>
    <test started-at="2020-01-25T05:10:04Z" name="YahooLoginTest" finished-at="2020-01-25T05:10:10Z" duration-ms="6369">
      <class name="com.Learning.Parameterisation">
        <test-method signature="Logincheck(java.lang.String, java.lang.String, java.lang.String)[pri:0, instance:com.Learning.Parameterisation@2b546384]" started-at="2020-01-25T06:10:04Z" name="Logincheck" finished-at="2020-01-25T06:10:10Z" duration-ms="6353" status="PASS">
          <params>
            <param index="0">
              <value>
                <![CDATA[chrome]]>
              </value>
            </param>
            <param index="1">
              <value>
                <![CDATA[https://se.yahoo.com/?p=us]]>
              </value>
            </param>
            <param index="2">
              <value>
                <![CDATA[s.yahoo.com]]>
              </value>
            </param>
          </params>
          <reporter-output>
          </reporter-output>
        </test-method> <!-- Logincheck -->
      </class> <!-- com.Learning.Parameterisation -->
    </test> <!-- YahooLoginTest -->
  </suite> <!-- myfirstSuite -->
</testng-results>
